2025-07-10 17:52:36,881 - INFO - Ingesting begin_inventory.csv into table 'begin_inventory'
2025-07-10 17:52:40,627 - INFO - Successfully ingested table 'begin_inventory'
2025-07-10 17:52:41,132 - INFO - Ingesting end_inventory.csv into table 'end_inventory'
2025-07-10 17:52:45,720 - INFO - Successfully ingested table 'end_inventory'
2025-07-10 17:52:45,763 - INFO - Ingesting purchase_prices.csv into table 'purchase_prices'
2025-07-10 17:52:46,013 - INFO - Successfully ingested table 'purchase_prices'
2025-07-10 17:53:17,829 - INFO - Ingesting sales.csv into table 'sales'
2025-07-10 17:59:34,456 - INFO - Successfully ingested table 'sales'
2025-07-10 17:59:36,554 - INFO - Ingesting vendor_invoice.csv into table 'vendor_invoice'
2025-07-10 17:59:36,773 - INFO - Successfully ingested table 'vendor_invoice'
2025-07-10 17:59:36,774 - INFO - ------------- Ingestion Complete -------------
2025-07-10 17:59:36,774 - INFO - Total Time Taken: 7.01 minutes
2025-07-10 18:08:15,511 - ERROR - Unexpected error during data loading: [WinError 267] The directory name is invalid: 'C:\\Users\\pader\\OneDrive\\Desktop\\Projects\\Vendor Performance Analysis Project\\data\\data\\purchases.csv'
2025-07-10 18:08:56,429 - INFO - Ingesting purchases.csv into table 'purchases'
2025-07-10 18:09:59,728 - INFO - Successfully ingested table 'purchases'
2025-07-10 18:09:59,728 - INFO - ------------- Ingestion Complete -------------
2025-07-10 18:09:59,728 - INFO - Total Time Taken: 1.20 minutes
2025-07-10 21:17:06,149 - INFO - Creating Vendor Summary Table...
2025-07-10 21:18:16,830 - INFO - Vendor summary created. Time taken: 1.18 minutes
2025-07-10 21:18:16,845 - INFO - Vendor summary preview:
   VendorNumber                   VendorName  Brand              Description  \
0          1128  BROWN-FORMAN CORP             1233  Jack Daniels No 7 Black   
1          4425        MARTIGNETTI COMPANIES   3405    Tito's Handmade Vodka   
2         17035  PERNOD RICARD USA             8068         Absolut 80 Proof   
3          3960  DIAGEO NORTH AMERICA INC      4261   Capt Morgan Spiced Rum   
4          3960  DIAGEO NORTH AMERICA INC      3545          Ketel One Vodka   

   PurchasePrice Volume  ActualPrice  TotalPurchaseQuantity  \
0          26.27   1750        36.99                 145080   
1          23.19   1750        28.99                 164038   
2          18.24   1750        24.99                 187407   
3          16.17   1750        22.99                 201682   
4          21.89   1750        29.99                 138109   

   TotalPurchaseDollars  TotalSalesQuantity  TotalSalesDollars  \
0            3811251.60            142049.0         5101919.51   
1            3804041.22            160247.0         4819073.49   
2            3418303.68            187140.0         4538120.60   
3            3261197.94            200412.0         4475972.88   
4            3023206.01            135838.0         4223107.62   

   TotalSalesPrice  TotalExciseTax  FreightCost  
0        672819.31       260999.20     68601.68  
1        561512.37       294438.66    144929.24  
2        461140.15       343854.07    123780.22  
3        420050.01       368242.80    257032.07  
4        545778.28       249587.83    257032.07  
2025-07-10 21:18:16,845 - INFO - Cleaning Data...
2025-07-10 21:18:16,879 - INFO - Data cleaned. Time taken: 0.00 minutes
2025-07-10 21:18:16,888 - INFO - Cleaned data preview:
   VendorNumber                VendorName  Brand              Description  \
0          1128         BROWN-FORMAN CORP   1233  Jack Daniels No 7 Black   
1          4425     MARTIGNETTI COMPANIES   3405    Tito's Handmade Vodka   
2         17035         PERNOD RICARD USA   8068         Absolut 80 Proof   
3          3960  DIAGEO NORTH AMERICA INC   4261   Capt Morgan Spiced Rum   
4          3960  DIAGEO NORTH AMERICA INC   3545          Ketel One Vodka   

   PurchasePrice  Volume  ActualPrice  TotalPurchaseQuantity  \
0          26.27  1750.0        36.99                 145080   
1          23.19  1750.0        28.99                 164038   
2          18.24  1750.0        24.99                 187407   
3          16.17  1750.0        22.99                 201682   
4          21.89  1750.0        29.99                 138109   

   TotalPurchaseDollars  TotalSalesQuantity  TotalSalesDollars  \
0            3811251.60            142049.0         5101919.51   
1            3804041.22            160247.0         4819073.49   
2            3418303.68            187140.0         4538120.60   
3            3261197.94            200412.0         4475972.88   
4            3023206.01            135838.0         4223107.62   

   TotalSalesPrice  TotalExciseTax  FreightCost  GrossProfit  ProfitMargin  \
0        672819.31       260999.20     68601.68   1290667.91     25.297693   
1        561512.37       294438.66    144929.24   1015032.27     21.062810   
2        461140.15       343854.07    123780.22   1119816.92     24.675786   
3        420050.01       368242.80    257032.07   1214774.94     27.139908   
4        545778.28       249587.83    257032.07   1199901.61     28.412764   

   StockTurnover  Sales_To_Purchase_Ratio  
0       0.979108                 1.338647  
1       0.976890                 1.266830  
2       0.998575                 1.327594  
3       0.993703                 1.372493  
4       0.983556                 1.396897  
2025-07-10 21:18:16,889 - INFO - Ingesting Data...
2025-07-10 21:18:17,017 - INFO - Successfully ingested table 'vendor_sales_summary'
2025-07-10 21:18:17,017 - INFO - Ingestion Completed.
